<?xml version="1.0" encoding="UTF-8"?>
<!-- Generated by org.testng.reporters.JUnitXMLReporter -->
<testsuite ignored="0" hostname="DESKTOP-IBO7BN4" failures="0" tests="6" name="Test" time="77.344" errors="0" timestamp="2022-08-08T12:16:18 CDT">
  <testcase classname="testcase1.ParrelelExecution" name="test5" time="55.18"/>
  <testcase classname="testcase1.ParrelelExecution" name="test1" time="61.405"/>
  <testcase classname="testcase1.ParrelelExecution" name="test3" time="61.443"/>
  <testcase classname="testcase1.ParrelelExecution" name="test4" time="61.497"/>
  <testcase classname="testcase1.ParrelelExecution" name="test2" time="66.414"/>
  <testcase classname="testcase1.ParrelelExecution" name="test6" time="21.991"/>
</testsuite> <!-- Test -->
